<?xml version="1.0" encoding="UTF-8"?>
<!-- Generated by org.testng.reporters.JUnitXMLReporter -->
<testsuite ignored="2" hostname="DESKTOP-QA7IFKP" failures="0" tests="2" name="Test" time="0.072" errors="0" timestamp="2022-08-17T15:03:19 IST">
  <testcase classname="com.DearDoctorPractice.BookAppointmentTest" name="createAppointment" time="0.012"/>
  <testcase classname="com.DearDoctorPractice.AddDoctor" name="addDoctor" time="0.001"/>
  <testcase classname="com.DearDoctorPractice.EditMyprofileTest" name="editProfile" time="0.0">
    <ignored/>
  </testcase> <!-- editProfile -->
  <testcase classname="com.DearDoctorPractice.ViewAppointmentHistoryTest" name="appointmentHistory" time="0.0">
    <ignored/>
  </testcase> <!-- appointmentHistory -->
</testsuite> <!-- Test -->
