<?xml version="1.0" encoding="UTF-8"?>
<!-- Generated by org.testng.reporters.JUnitXMLReporter -->
<testsuite ignored="0" hostname="DESKTOP-QA7IFKP" failures="0" tests="7" name="chrome" time="0.128" errors="0" timestamp="2022-08-18T10:59:14 IST">
  <testcase classname="com.DearDoctorPractice.BookAppointmentTest" name="BookAppointmentbyMobno" time="0.013"/>
  <testcase classname="com.DearDoctorPractice.BookAppointmentTest" name="BookAppointmentbyName" time="0.003"/>
  <testcase classname="com.DearDoctorPractice.BookAppointmentTest" name="BookAppointmentbyemail" time="0.001"/>
  <testcase classname="com.DearDoctorPractice.AddDoctor" name="addDoctoraddress" time="0.002"/>
  <testcase classname="com.DearDoctorPractice.AddDoctor" name="addDoctoremail" time="0.003"/>
  <testcase classname="com.DearDoctorPractice.AddDoctor" name="addDoctormobno" time="0.001"/>
  <testcase classname="com.DearDoctorPractice.AddDoctor" name="addDoctorname" time="0.005"/>
</testsuite> <!-- chrome -->
