<?xml version="1.0" encoding="UTF-8"?>
<!-- Generated by org.testng.reporters.JUnitXMLReporter -->
<testsuite ignored="4" hostname="DESKTOP-QA7IFKP" failures="1" tests="3" name="reg" time="15.87" errors="0" timestamp="2022-08-19T12:36:23 IST">
  <testcase classname="com.TestNG.Base.DeletedDoctorDetails" name="Verify_deleted_doctor_details" time="4.862"/>
  <testcase classname="com.TestNG.Base.EditDoctorName" name="edit_Doctor_Name" time="2.002"/>
  <testcase classname="com.TestNG.Base.AddedDoctorDetails" name="check_added_doctor_details" time="1.728">
    <failure type="java.lang.AssertionError" message="null">
      <![CDATA[java.lang.AssertionError: null
at com.TestNG.Base.AddedDoctorDetails.check_added_doctor_details(AddedDoctorDetails.java:38)
at java.base/java.util.ArrayList.forEach(ArrayList.java:1511)
at java.base/java.util.concurrent.FutureTask.run(FutureTask.java:264)
at java.base/java.util.concurrent.ThreadPoolExecutor.runWorker(ThreadPoolExecutor.java:1130)
at java.base/java.util.concurrent.ThreadPoolExecutor$Worker.run(ThreadPoolExecutor.java:630)
at java.base/java.lang.Thread.run(Thread.java:831)
... Removed 20 stack frames]]>
    </failure>
  </testcase> <!-- check_added_doctor_details -->
  <testcase classname="com.DearDoctor.genericuyility.BaseClass" name="@AfterSuite configAS" time="0.0">
    <ignored/>
  </testcase> <!-- @AfterSuite configAS -->
  <testcase classname="com.DearDoctor.genericuyility.BaseClass" name="@AfterSuite configAS" time="0.0">
    <ignored/>
  </testcase> <!-- @AfterSuite configAS -->
  <testcase classname="com.DearDoctor.genericuyility.BaseClass" name="@BeforeSuite configBS" time="0.0">
    <ignored/>
  </testcase> <!-- @BeforeSuite configBS -->
  <testcase classname="com.DearDoctor.genericuyility.BaseClass" name="@BeforeSuite configBS" time="0.0">
    <ignored/>
  </testcase> <!-- @BeforeSuite configBS -->
</testsuite> <!-- reg -->
