<?xml version="1.0" encoding="UTF-8"?>
<!-- Generated by org.testng.reporters.JUnitXMLReporter -->
<testsuite ignored="4" hostname="DESKTOP-QA7IFKP" failures="0" tests="3" name="TestRunner2" time="21.453" errors="0" timestamp="2022-08-18T16:29:18 IST">
  <testcase classname="com.TestNG.Base.DeletedDoctorDetails" name="Verify_deleted_doctor_details" time="3.704"/>
  <testcase classname="com.TestNG.Base.EditDoctorName" name="edit_Doctor_Name" time="2.333"/>
  <testcase classname="com.TestNG.Base.AddedDoctorDetails" name="check_added_doctor_details" time="3.45"/>
  <testcase classname="com.DearDoctor.genericuyility.BaseClass" name="@AfterSuite configAS" time="0.0">
    <ignored/>
  </testcase> <!-- @AfterSuite configAS -->
  <testcase classname="com.DearDoctor.genericuyility.BaseClass" name="@AfterSuite configAS" time="0.0">
    <ignored/>
  </testcase> <!-- @AfterSuite configAS -->
  <testcase classname="com.DearDoctor.genericuyility.BaseClass" name="@BeforeSuite configBS" time="0.0">
    <ignored/>
  </testcase> <!-- @BeforeSuite configBS -->
  <testcase classname="com.DearDoctor.genericuyility.BaseClass" name="@BeforeSuite configBS" time="0.0">
    <ignored/>
  </testcase> <!-- @BeforeSuite configBS -->
</testsuite> <!-- TestRunner2 -->
