<?xml version="1.0" encoding="UTF-8"?>
<!-- Generated by org.testng.reporters.JUnitXMLReporter -->
<testsuite ignored="0" hostname="DESKTOP-QA7IFKP" failures="0" tests="4" name="Test2" time="0.083" errors="0" timestamp="2022-08-18T01:22:44 IST">
  <testcase classname="com.DearDoctorPractice.AddDoctor" name="addDoctoraddress" time="0.011"/>
  <testcase classname="com.DearDoctorPractice.AddDoctor" name="addDoctoremail" time="0.002"/>
  <testcase classname="com.DearDoctorPractice.AddDoctor" name="addDoctormobno" time="0.003"/>
  <testcase classname="com.DearDoctorPractice.AddDoctor" name="addDoctorname" time="0.006"/>
</testsuite> <!-- Test2 -->
