<?xml version="1.0" encoding="UTF-8"?>
<!-- Generated by org.testng.reporters.JUnitXMLReporter -->
<testsuite ignored="0" hostname="DESKTOP-QA7IFKP" failures="0" tests="3" name="Testrun1" time="0.203" errors="0" timestamp="2022-08-17T16:53:58 IST">
  <testcase classname="com.DearDoctorPractice.AddDoctor" name="addDoctor" time="0.03"/>
  <testcase classname="com.DearDoctorPractice.AddDoctor" name="madDoctor" time="0.013"/>
  <testcase classname="com.DearDoctorPractice.ViewAppointmentHistoryTest" name="appointmentHistory" time="0.005"/>
</testsuite> <!-- Testrun1 -->
