<?xml version="1.0" encoding="UTF-8"?>
<!-- Generated by org.testng.reporters.JUnitXMLReporter -->
<testsuite ignored="0" hostname="DESKTOP-QA7IFKP" failures="0" tests="3" name="Test1" time="0.064" errors="0" timestamp="2022-08-18T01:27:29 IST">
  <testcase classname="com.DearDoctorPractice.BookAppointmentTest" name="BookAppointmentbyMobno" time="0.01"/>
  <testcase classname="com.DearDoctorPractice.BookAppointmentTest" name="BookAppointmentbyName" time="0.001"/>
  <testcase classname="com.DearDoctorPractice.BookAppointmentTest" name="BookAppointmentbyemail" time="0.002"/>
</testsuite> <!-- Test1 -->
