<?xml version="1.0" encoding="UTF-8"?>
<!-- Generated by org.testng.reporters.JUnitXMLReporter -->
<testsuite hostname="DESKTOP-QA7IFKP" ignored="0" name="Command line test" tests="7" failures="0" timestamp="25 Aug 2022 10:34:06 GMT" time="30.355" errors="0">
  <testcase name="@BeforeClass configBC" time="0.0" classname="com.DearDoctor.genericuyility.DummyBaseClass">
    <failure type="org.testng.TestNGException" message="
Can inject only one of &amp;lt;ITestContext, XmlTest&amp;gt; into a @BeforeClass annotated configBC.
For more information on native dependency injection please refer to http://testng.org/doc/documentation-main.html#native-dependency-injection">
      <![CDATA[org.testng.TestNGException: 
Can inject only one of <ITestContext, XmlTest> into a @BeforeClass annotated configBC.
For more information on native dependency injection please refer to http://testng.org/doc/documentation-main.html#native-dependency-injection
... Removed 33 stack frames]]>
    </failure>
  </testcase> <!-- @BeforeClass configBC -->
  <testcase name="@AfterClass configAC" time="0.0" classname="com.DearDoctor.genericuyility.DummyBaseClass">
    <skipped/>
  </testcase> <!-- @AfterClass configAC -->
  <testcase name="BookAppointmentbyMobno" time="0.0" classname="com.DearDoctorPractice.BookAppointTest">
    <skipped/>
  </testcase> <!-- BookAppointmentbyMobno -->
  <testcase name="BookAppointmentbyName" time="0.0" classname="com.DearDoctorPractice.BookAppointTest">
    <skipped/>
  </testcase> <!-- BookAppointmentbyName -->
  <testcase name="BookAppointmentbyemail" time="0.0" classname="com.DearDoctorPractice.BookAppointTest">
    <skipped/>
  </testcase> <!-- BookAppointmentbyemail -->
  <testcase name="Verify_deleted_doctor_details" time="11.019" classname="com.TestNG.Base.TestNgclasstest"/>
  <testcase name="cancelAppointment" time="0.003" classname="com.TestNG.Base.TestNgclasstest"/>
  <testcase name="check_added_doctor_details" time="7.795" classname="com.TestNG.Base.TestNgclasstest"/>
  <testcase name="edit_Doctor_Name" time="5.914" classname="com.TestNG.Base.TestNgclasstest"/>
</testsuite> <!-- Command line test -->
