<?xml version="1.0" encoding="UTF-8"?>
<!-- Generated by org.testng.reporters.JUnitXMLReporter -->
<testsuite ignored="0" hostname="DESKTOP-QA7IFKP" failures="0" tests="13" name="Test" time="0.119" errors="0" timestamp="2022-08-19T13:03:24 IST">
  <testcase classname="com.DearDoctor.genericuyility.DummyBaseClass" name="@BeforeClass configBC" time="-1.660894404687E9">
    <failure type="org.testng.TestNGException" message="
Parameter &amp;apos;BROWSER&amp;apos; is required by BeforeClass on method configBC but has not been marked @Optional or defined
in E:\Space\DearDoctorss\fullregression.xml">
      <![CDATA[org.testng.TestNGException: 
Parameter 'BROWSER' is required by BeforeClass on method configBC but has not been marked @Optional or defined
in E:\Space\DearDoctorss\fullregression.xml
at java.base/java.util.ArrayList.forEach(ArrayList.java:1511)
... Removed 22 stack frames]]>
    </failure>
  </testcase> <!-- @BeforeClass configBC -->
  <testcase classname="com.DearDoctor.genericuyility.DummyBaseClass" name="@AfterClass configAC" time="-1.660894404704E9">
    <skipped/>
  </testcase> <!-- @AfterClass configAC -->
  <testcase classname="com.DearDoctor.genericuyility.DummyBaseClass" name="@BeforeClass configBC" time="-1.660894404705E9">
    <failure type="org.testng.TestNGException" message="
Parameter &amp;apos;BROWSER&amp;apos; is required by BeforeClass on method configBC but has not been marked @Optional or defined
in E:\Space\DearDoctorss\fullregression.xml">
      <![CDATA[org.testng.TestNGException: 
Parameter 'BROWSER' is required by BeforeClass on method configBC but has not been marked @Optional or defined
in E:\Space\DearDoctorss\fullregression.xml
at java.base/java.util.ArrayList.forEach(ArrayList.java:1511)
... Removed 22 stack frames]]>
    </failure>
  </testcase> <!-- @BeforeClass configBC -->
  <testcase classname="com.DearDoctor.genericuyility.DummyBaseClass" name="@AfterClass configAC" time="-1.660894404722E9">
    <skipped/>
  </testcase> <!-- @AfterClass configAC -->
  <testcase classname="com.DearDoctorPractice.EditMyprofileTest" name="editMobno" time="0.017"/>
  <testcase classname="com.DearDoctorPractice.EditMyprofileTest" name="editName" time="0.002"/>
  <testcase classname="com.DearDoctorPractice.EditMyprofileTest" name="editaddress" time="0.001"/>
  <testcase classname="com.DearDoctorPractice.EditMyprofileTest" name="editemail" time="0.001"/>
  <testcase classname="com.DearDoctorPractice.BookAppointmentTest" name="BookAppointmentbyMobno" time="0.0">
    <skipped/>
  </testcase> <!-- BookAppointmentbyMobno -->
  <testcase classname="com.DearDoctorPractice.BookAppointmentTest" name="BookAppointmentbyName" time="0.0">
    <skipped/>
  </testcase> <!-- BookAppointmentbyName -->
  <testcase classname="com.DearDoctorPractice.BookAppointmentTest" name="BookAppointmentbyemail" time="0.0">
    <skipped/>
  </testcase> <!-- BookAppointmentbyemail -->
  <testcase classname="com.DearDoctorPractice.AddDoctor" name="addDoctoraddress" time="0.0">
    <skipped/>
  </testcase> <!-- addDoctoraddress -->
  <testcase classname="com.DearDoctorPractice.AddDoctor" name="addDoctoremail" time="0.0">
    <skipped/>
  </testcase> <!-- addDoctoremail -->
  <testcase classname="com.DearDoctorPractice.AddDoctor" name="addDoctormobno" time="0.0">
    <skipped/>
  </testcase> <!-- addDoctormobno -->
  <testcase classname="com.DearDoctorPractice.AddDoctor" name="addDoctorname" time="0.0">
    <skipped/>
  </testcase> <!-- addDoctorname -->
  <testcase classname="com.DearDoctorPractice.ViewAppointmentHistoryTest" name="deleteappointment" time="0.001"/>
  <testcase classname="com.DearDoctorPractice.ViewAppointmentHistoryTest" name="patientappointmentHistory" time="0.002"/>
</testsuite> <!-- Test -->
