<?xml version="1.0" encoding="UTF-8"?>
<!-- Generated by org.testng.reporters.JUnitXMLReporter -->
<testsuite ignored="1" hostname="DESKTOP-QA7IFKP" failures="0" tests="12" name="Test" time="0.197" errors="0" timestamp="2022-08-18T00:02:21 IST">
  <testcase classname="com.DearDoctorPractice.EditMyprofileTest" name="editMobno" time="0.016"/>
  <testcase classname="com.DearDoctorPractice.EditMyprofileTest" name="editName" time="0.002"/>
  <testcase classname="com.DearDoctorPractice.EditMyprofileTest" name="editaddress" time="0.002"/>
  <testcase classname="com.DearDoctorPractice.EditMyprofileTest" name="editemail" time="0.001"/>
  <testcase classname="com.DearDoctorPractice.BookAppointmentTest" name="BookAppointmentbyMobno" time="0.001"/>
  <testcase classname="com.DearDoctorPractice.BookAppointmentTest" name="BookAppointmentbyName" time="0.002"/>
  <testcase classname="com.DearDoctorPractice.BookAppointmentTest" name="BookAppointmentbyemail" time="0.003"/>
  <testcase classname="com.DearDoctorPractice.AddDoctor" name="addDoctoremail" time="0.002"/>
  <testcase classname="com.DearDoctorPractice.AddDoctor" name="addDoctormobno" time="0.022"/>
  <testcase classname="com.DearDoctorPractice.AddDoctor" name="addDoctorname" time="0.001"/>
  <testcase classname="com.DearDoctorPractice.ViewAppointmentHistoryTest" name="deleteappointment" time="0.007"/>
  <testcase classname="com.DearDoctorPractice.ViewAppointmentHistoryTest" name="patientappointmentHistory" time="0.006"/>
  <testcase classname="com.DearDoctorPractice.AddDoctor" name="addDoctoraddress" time="0.0">
    <ignored/>
  </testcase> <!-- addDoctoraddress -->
</testsuite> <!-- Test -->
