<?xml version="1.0" encoding="UTF-8"?>
<!-- Generated by org.testng.reporters.JUnitXMLReporter -->
<testsuite ignored="5" hostname="DESKTOP-QA7IFKP" failures="0" tests="2" name="Test" time="0.073" errors="0" timestamp="2022-08-18T00:15:44 IST">
  <testcase classname="com.DearDoctorPractice.BookAppointmentTest" name="BookAppointmentbyName" time="0.01"/>
  <testcase classname="com.DearDoctorPractice.AddDoctor" name="addDoctorname" time="0.001"/>
  <testcase classname="com.DearDoctorPractice.BookAppointmentTest" name="BookAppointmentbyMobno" time="0.0">
    <ignored/>
  </testcase> <!-- BookAppointmentbyMobno -->
  <testcase classname="com.DearDoctorPractice.AddDoctor" name="addDoctoremail" time="0.0">
    <ignored/>
  </testcase> <!-- addDoctoremail -->
  <testcase classname="com.DearDoctorPractice.AddDoctor" name="addDoctormobno" time="0.0">
    <ignored/>
  </testcase> <!-- addDoctormobno -->
  <testcase classname="com.DearDoctorPractice.BookAppointmentTest" name="BookAppointmentbyemail" time="0.0">
    <ignored/>
  </testcase> <!-- BookAppointmentbyemail -->
  <testcase classname="com.DearDoctorPractice.AddDoctor" name="addDoctoraddress" time="0.0">
    <ignored/>
  </testcase> <!-- addDoctoraddress -->
</testsuite> <!-- Test -->
